  [1m[35m (42.3ms)[0m  [1m[35mCREATE TABLE "schema_migrations" ("version" character varying PRIMARY KEY)[0m
  [1m[35m (20.8ms)[0m  [1m[35mCREATE TABLE "ar_internal_metadata" ("key" character varying PRIMARY KEY, "value" character varying, "created_at" timestamp NOT NULL, "updated_at" timestamp NOT NULL)[0m
  [1m[35m (5.8ms)[0m  [1m[34mSELECT pg_try_advisory_lock(4048874270730295860);[0m
  [1m[36mActiveRecord::SchemaMigration Load (6.7ms)[0m  [1m[34mSELECT "schema_migrations".* FROM "schema_migrations"[0m
Migrating to DeviseCreateUsers (20160805022117)
  [1m[35m (6.1ms)[0m  [1m[35mBEGIN[0m
  [1m[35m (33.4ms)[0m  [1m[35mCREATE TABLE "users" ("id" serial primary key, "email" character varying DEFAULT '' NOT NULL, "encrypted_password" character varying DEFAULT '' NOT NULL, "reset_password_token" character varying, "reset_password_sent_at" timestamp, "remember_created_at" timestamp, "sign_in_count" integer DEFAULT 0 NOT NULL, "current_sign_in_at" timestamp, "last_sign_in_at" timestamp, "current_sign_in_ip" inet, "last_sign_in_ip" inet, "created_at" timestamp NOT NULL, "updated_at" timestamp NOT NULL)[0m
  [1m[35m (1.2ms)[0m  [1m[35mCREATE UNIQUE INDEX  "index_users_on_email" ON "users"  ("email")[0m
  [1m[35m (1.5ms)[0m  [1m[35mCREATE UNIQUE INDEX  "index_users_on_reset_password_token" ON "users"  ("reset_password_token")[0m
  [1m[35mSQL (2.3ms)[0m  [1m[32mINSERT INTO "schema_migrations" ("version") VALUES ($1) RETURNING "version"[0m  [["version", "20160805022117"]]
  [1m[35m (0.7ms)[0m  [1m[35mCOMMIT[0m
  [1m[36mActiveRecord::InternalMetadata Load (2.0ms)[0m  [1m[34mSELECT  "ar_internal_metadata".* FROM "ar_internal_metadata" WHERE "ar_internal_metadata"."key" = $1 LIMIT $2[0m  [["key", :environment], ["LIMIT", 1]]
  [1m[35m (0.2ms)[0m  [1m[35mBEGIN[0m
  [1m[35mSQL (1.0ms)[0m  [1m[32mINSERT INTO "ar_internal_metadata" ("key", "value", "created_at", "updated_at") VALUES ($1, $2, $3, $4) RETURNING "key"[0m  [["key", "environment"], ["value", "development"], ["created_at", 2016-08-05 02:23:36 UTC], ["updated_at", 2016-08-05 02:23:36 UTC]]
  [1m[35m (0.3ms)[0m  [1m[35mCOMMIT[0m
  [1m[35m (0.3ms)[0m  [1m[34mSELECT pg_advisory_unlock(4048874270730295860)[0m
  [1m[36mActiveRecord::SchemaMigration Load (0.4ms)[0m  [1m[34mSELECT "schema_migrations".* FROM "schema_migrations"[0m
  [1m[35m (7.7ms)[0m  [1m[34mSELECT t2.oid::regclass::text AS to_table, a1.attname AS column, a2.attname AS primary_key, c.conname AS name, c.confupdtype AS on_update, c.confdeltype AS on_delete
FROM pg_constraint c
JOIN pg_class t1 ON c.conrelid = t1.oid
JOIN pg_class t2 ON c.confrelid = t2.oid
JOIN pg_attribute a1 ON a1.attnum = c.conkey[1] AND a1.attrelid = t1.oid
JOIN pg_attribute a2 ON a2.attnum = c.confkey[1] AND a2.attrelid = t2.oid
JOIN pg_namespace t3 ON c.connamespace = t3.oid
WHERE c.contype = 'f'
  AND t1.relname = 'users'
  AND t3.nspname = ANY (current_schemas(false))
ORDER BY c.conname
[0m
Started GET "/" for ::1 at 2016-08-04 20:24:43 -0600
  [1m[36mActiveRecord::SchemaMigration Load (0.6ms)[0m  [1m[34mSELECT "schema_migrations".* FROM "schema_migrations"[0m
Processing by Rails::WelcomeController#index as HTML
  Parameters: {"internal"=>true}
  Rendering /Users/sw/.rvm/gems/ruby-2.3.0/gems/railties-5.0.0/lib/rails/templates/rails/welcome/index.html.erb
  Rendered /Users/sw/.rvm/gems/ruby-2.3.0/gems/railties-5.0.0/lib/rails/templates/rails/welcome/index.html.erb (6.0ms)
Completed 200 OK in 36ms (Views: 16.3ms | ActiveRecord: 0.0ms)


Started GET "/users/sign_in" for ::1 at 2016-08-04 20:25:07 -0600
Processing by Devise::SessionsController#new as HTML
  Rendering /Users/sw/.rvm/gems/ruby-2.3.0/gems/devise-4.2.0/app/views/devise/sessions/new.html.erb within layouts/application
  Rendered /Users/sw/.rvm/gems/ruby-2.3.0/gems/devise-4.2.0/app/views/devise/shared/_links.html.erb (2.3ms)
  Rendered /Users/sw/.rvm/gems/ruby-2.3.0/gems/devise-4.2.0/app/views/devise/sessions/new.html.erb within layouts/application (53.9ms)
Completed 200 OK in 594ms (Views: 564.1ms | ActiveRecord: 4.1ms)


Started GET "/users/sign_up" for ::1 at 2016-08-04 20:25:12 -0600
Processing by Devise::RegistrationsController#new as HTML
  Rendering /Users/sw/.rvm/gems/ruby-2.3.0/gems/devise-4.2.0/app/views/devise/registrations/new.html.erb within layouts/application
  Rendered /Users/sw/.rvm/gems/ruby-2.3.0/gems/devise-4.2.0/app/views/devise/shared/_links.html.erb (2.0ms)
  Rendered /Users/sw/.rvm/gems/ruby-2.3.0/gems/devise-4.2.0/app/views/devise/registrations/new.html.erb within layouts/application (23.4ms)
Completed 200 OK in 57ms (Views: 53.1ms | ActiveRecord: 0.0ms)


Started POST "/users" for ::1 at 2016-08-04 20:25:59 -0600
Processing by Devise::RegistrationsController#create as HTML
  Parameters: {"utf8"=>"✓", "authenticity_token"=>"j1U5LIABbKSt3f9DqzIcu1djjh2pSCCAp/WbRYcjKgufQS9887wVtcyXlVbsrPZKGZk77ImjFlgVpiYU63Vh8w==", "user"=>{"email"=>"test1@test.test", "password"=>"[FILTERED]", "password_confirmation"=>"[FILTERED]"}, "commit"=>"Sign up"}
  [1m[35m (0.2ms)[0m  [1m[35mBEGIN[0m
  [1m[36mUser Exists (14.8ms)[0m  [1m[34mSELECT  1 AS one FROM "users" WHERE "users"."email" = $1 LIMIT $2[0m  [["email", "test1@test.test"], ["LIMIT", 1]]
  [1m[35mSQL (4.0ms)[0m  [1m[32mINSERT INTO "users" ("email", "encrypted_password", "created_at", "updated_at") VALUES ($1, $2, $3, $4) RETURNING "id"[0m  [["email", "test1@test.test"], ["encrypted_password", "$2a$11$Og8xasd1Y8dhEMqpXZR6qu3b.qfzetoWcjETSc3zRhjzDvkGbeGbu"], ["created_at", 2016-08-05 02:25:59 UTC], ["updated_at", 2016-08-05 02:25:59 UTC]]
  [1m[35m (2.4ms)[0m  [1m[35mCOMMIT[0m
  [1m[35m (0.2ms)[0m  [1m[35mBEGIN[0m
  [1m[35mSQL (2.1ms)[0m  [1m[33mUPDATE "users" SET "sign_in_count" = $1, "current_sign_in_at" = $2, "last_sign_in_at" = $3, "current_sign_in_ip" = $4, "last_sign_in_ip" = $5, "updated_at" = $6 WHERE "users"."id" = $7[0m  [["sign_in_count", 1], ["current_sign_in_at", 2016-08-05 02:25:59 UTC], ["last_sign_in_at", 2016-08-05 02:25:59 UTC], ["current_sign_in_ip", "::1/128"], ["last_sign_in_ip", "::1/128"], ["updated_at", 2016-08-05 02:25:59 UTC], ["id", 1]]
  [1m[35m (0.6ms)[0m  [1m[35mCOMMIT[0m
Redirected to http://localhost:3000/
Completed 302 Found in 392ms (ActiveRecord: 24.3ms)


Started GET "/" for ::1 at 2016-08-04 20:25:59 -0600
Processing by Rails::WelcomeController#index as HTML
  Parameters: {"internal"=>true}
  Rendering /Users/sw/.rvm/gems/ruby-2.3.0/gems/railties-5.0.0/lib/rails/templates/rails/welcome/index.html.erb
  Rendered /Users/sw/.rvm/gems/ruby-2.3.0/gems/railties-5.0.0/lib/rails/templates/rails/welcome/index.html.erb (4.5ms)
Completed 200 OK in 16ms (Views: 8.8ms | ActiveRecord: 0.0ms)


